{"/home/runner/work/personal_website/personal_website/frontend/src/App.tsx": {"path":"/home/runner/work/personal_website/personal_website/frontend/src/App.tsx","statementMap":{"0":{"start":{"line":6,"column":22},"end":{"line":36,"column":null}},"1":{"start":{"line":7,"column":18},"end":{"line":7,"column":null}},"2":{"start":{"line":9,"column":31},"end":{"line":11,"column":null}},"3":{"start":{"line":10,"column":4},"end":{"line":10,"column":null}},"4":{"start":{"line":13,"column":2},"end":{"line":34,"column":null}}},"fnMap":{"0":{"name":"(anonymous_0)","decl":{"start":{"line":6,"column":22},"end":{"line":6,"column":28}},"loc":{"start":{"line":6,"column":28},"end":{"line":36,"column":null}},"line":6},"1":{"name":"(anonymous_1)","decl":{"start":{"line":9,"column":31},"end":{"line":9,"column":32}},"loc":{"start":{"line":9,"column":80},"end":{"line":11,"column":null}},"line":9}},"branchMap":{},"s":{"0":1,"1":8,"2":8,"3":1,"4":8},"f":{"0":8,"1":1},"b":{},"meta":{"lastBranch":0,"lastFunction":2,"lastStatement":5,"seen":{"s:6:22:36:Infinity":0,"f:6:22:6:28":0,"s:7:18:7:Infinity":1,"s:9:31:11:Infinity":2,"f:9:31:9:32":1,"s:10:4:10:Infinity":3,"s:13:2:34:Infinity":4}}}
,"/home/runner/work/personal_website/personal_website/frontend/src/components/EducationHistory.tsx": {"path":"/home/runner/work/personal_website/personal_website/frontend/src/components/EducationHistory.tsx","statementMap":{"0":{"start":{"line":14,"column":58},"end":{"line":71,"column":null}},"1":{"start":{"line":15,"column":18},"end":{"line":15,"column":null}},"2":{"start":{"line":17,"column":21},"end":{"line":22,"column":null}},"3":{"start":{"line":18,"column":4},"end":{"line":21,"column":null}},"4":{"start":{"line":24,"column":2},"end":{"line":43,"column":null}},"5":{"start":{"line":25,"column":4},"end":{"line":41,"column":null}},"6":{"start":{"line":30,"column":12},"end":{"line":38,"column":null}},"7":{"start":{"line":45,"column":2},"end":{"line":47,"column":null}},"8":{"start":{"line":46,"column":4},"end":{"line":46,"column":null}},"9":{"start":{"line":49,"column":2},"end":{"line":69,"column":null}},"10":{"start":{"line":54,"column":10},"end":{"line":66,"column":null}}},"fnMap":{"0":{"name":"(anonymous_0)","decl":{"start":{"line":14,"column":58},"end":{"line":14,"column":59}},"loc":{"start":{"line":14,"column":86},"end":{"line":71,"column":null}},"line":14},"1":{"name":"(anonymous_1)","decl":{"start":{"line":17,"column":21},"end":{"line":17,"column":22}},"loc":{"start":{"line":17,"column":53},"end":{"line":22,"column":null}},"line":17},"2":{"name":"(anonymous_2)","decl":{"start":{"line":29,"column":22},"end":{"line":29,"column":23}},"loc":{"start":{"line":30,"column":12},"end":{"line":38,"column":null}},"line":30},"3":{"name":"(anonymous_3)","decl":{"start":{"line":53,"column":23},"end":{"line":53,"column":24}},"loc":{"start":{"line":54,"column":10},"end":{"line":66,"column":null}},"line":54}},"branchMap":{"0":{"loc":{"start":{"line":24,"column":2},"end":{"line":43,"column":null}},"type":"if","locations":[{"start":{"line":24,"column":2},"end":{"line":43,"column":null}},{"start":{},"end":{}}],"line":24},"1":{"loc":{"start":{"line":45,"column":2},"end":{"line":47,"column":null}},"type":"if","locations":[{"start":{"line":45,"column":2},"end":{"line":47,"column":null}},{"start":{},"end":{}}],"line":45},"2":{"loc":{"start":{"line":45,"column":6},"end":{"line":45,"column":44}},"type":"binary-expr","locations":[{"start":{"line":45,"column":6},"end":{"line":45,"column":20}},{"start":{"line":45,"column":20},"end":{"line":45,"column":44}}],"line":45},"3":{"loc":{"start":{"line":63,"column":45},"end":{"line":63,"column":null}},"type":"cond-expr","locations":[{"start":{"line":63,"column":59},"end":{"line":63,"column":85}},{"start":{"line":63,"column":85},"end":{"line":63,"column":null}}],"line":63},"4":{"loc":{"start":{"line":65,"column":13},"end":{"line":65,"column":null}},"type":"binary-expr","locations":[{"start":{"line":65,"column":13},"end":{"line":65,"column":32}},{"start":{"line":65,"column":32},"end":{"line":65,"column":null}}],"line":65}},"s":{"0":2,"1":11,"2":11,"3":16,"4":11,"5":1,"6":2,"7":10,"8":2,"9":8,"10":10},"f":{"0":11,"1":16,"2":2,"3":10},"b":{"0":[1,10],"1":[2,8],"2":[10,9],"3":[6,4],"4":[10,6]},"meta":{"lastBranch":5,"lastFunction":4,"lastStatement":11,"seen":{"s:14:58:71:Infinity":0,"f:14:58:14:59":0,"s:15:18:15:Infinity":1,"s:17:21:22:Infinity":2,"f:17:21:17:22":1,"s:18:4:21:Infinity":3,"b:24:2:43:Infinity:undefined:undefined:undefined:undefined":0,"s:24:2:43:Infinity":4,"s:25:4:41:Infinity":5,"f:29:22:29:23":2,"s:30:12:38:Infinity":6,"b:45:2:47:Infinity:undefined:undefined:undefined:undefined":1,"s:45:2:47:Infinity":7,"b:45:6:45:20:45:20:45:44":2,"s:46:4:46:Infinity":8,"s:49:2:69:Infinity":9,"f:53:23:53:24":3,"s:54:10:66:Infinity":10,"b:63:59:63:85:63:85:63:Infinity":3,"b:65:13:65:32:65:32:65:Infinity":4}}}
,"/home/runner/work/personal_website/personal_website/frontend/src/components/ErrorBoundary.tsx": {"path":"/home/runner/work/personal_website/personal_website/frontend/src/components/ErrorBoundary.tsx","statementMap":{"0":{"start":{"line":13,"column":4},"end":{"line":13,"column":null}},"1":{"start":{"line":14,"column":4},"end":{"line":14,"column":null}},"2":{"start":{"line":18,"column":4},"end":{"line":18,"column":null}},"3":{"start":{"line":23,"column":4},"end":{"line":23,"column":null}},"4":{"start":{"line":28,"column":4},"end":{"line":40,"column":null}},"5":{"start":{"line":29,"column":6},"end":{"line":38,"column":null}},"6":{"start":{"line":42,"column":4},"end":{"line":42,"column":null}}},"fnMap":{"0":{"name":"(anonymous_0)","decl":{"start":{"line":12,"column":2},"end":{"line":12,"column":14}},"loc":{"start":{"line":12,"column":41},"end":{"line":15,"column":null}},"line":12},"1":{"name":"(anonymous_1)","decl":{"start":{"line":17,"column":9},"end":{"line":17,"column":34}},"loc":{"start":{"line":17,"column":69},"end":{"line":19,"column":null}},"line":17},"2":{"name":"(anonymous_2)","decl":{"start":{"line":21,"column":2},"end":{"line":21,"column":20}},"loc":{"start":{"line":21,"column":62},"end":{"line":25,"column":null}},"line":21},"3":{"name":"(anonymous_3)","decl":{"start":{"line":27,"column":2},"end":{"line":27,"column":22}},"loc":{"start":{"line":27,"column":22},"end":{"line":43,"column":null}},"line":27}},"branchMap":{"0":{"loc":{"start":{"line":28,"column":4},"end":{"line":40,"column":null}},"type":"if","locations":[{"start":{"line":28,"column":4},"end":{"line":40,"column":null}},{"start":{},"end":{}}],"line":28}},"s":{"0":4,"1":4,"2":2,"3":1,"4":5,"5":2,"6":3},"f":{"0":4,"1":1,"2":1,"3":5},"b":{"0":[2,3]},"meta":{"lastBranch":1,"lastFunction":4,"lastStatement":7,"seen":{"f:12:2:12:14":0,"s:13:4:13:Infinity":0,"s:14:4:14:Infinity":1,"f:17:9:17:34":1,"s:18:4:18:Infinity":2,"f:21:2:21:20":2,"s:23:4:23:Infinity":3,"f:27:2:27:22":3,"b:28:4:40:Infinity:undefined:undefined:undefined:undefined":0,"s:28:4:40:Infinity":4,"s:29:6:38:Infinity":5,"s:42:4:42:Infinity":6}}}
,"/home/runner/work/personal_website/personal_website/frontend/src/components/JobHistory.tsx": {"path":"/home/runner/work/personal_website/personal_website/frontend/src/components/JobHistory.tsx","statementMap":{"0":{"start":{"line":14,"column":46},"end":{"line":67,"column":null}},"1":{"start":{"line":15,"column":18},"end":{"line":15,"column":null}},"2":{"start":{"line":17,"column":21},"end":{"line":22,"column":null}},"3":{"start":{"line":18,"column":4},"end":{"line":21,"column":null}},"4":{"start":{"line":24,"column":2},"end":{"line":42,"column":null}},"5":{"start":{"line":25,"column":4},"end":{"line":40,"column":null}},"6":{"start":{"line":30,"column":12},"end":{"line":37,"column":null}},"7":{"start":{"line":44,"column":2},"end":{"line":46,"column":null}},"8":{"start":{"line":45,"column":4},"end":{"line":45,"column":null}},"9":{"start":{"line":48,"column":2},"end":{"line":65,"column":null}},"10":{"start":{"line":53,"column":10},"end":{"line":62,"column":null}}},"fnMap":{"0":{"name":"(anonymous_0)","decl":{"start":{"line":14,"column":46},"end":{"line":14,"column":47}},"loc":{"start":{"line":14,"column":69},"end":{"line":67,"column":null}},"line":14},"1":{"name":"(anonymous_1)","decl":{"start":{"line":17,"column":21},"end":{"line":17,"column":22}},"loc":{"start":{"line":17,"column":53},"end":{"line":22,"column":null}},"line":17},"2":{"name":"(anonymous_2)","decl":{"start":{"line":29,"column":22},"end":{"line":29,"column":23}},"loc":{"start":{"line":30,"column":12},"end":{"line":37,"column":null}},"line":30},"3":{"name":"(anonymous_3)","decl":{"start":{"line":52,"column":18},"end":{"line":52,"column":19}},"loc":{"start":{"line":53,"column":10},"end":{"line":62,"column":null}},"line":53}},"branchMap":{"0":{"loc":{"start":{"line":24,"column":2},"end":{"line":42,"column":null}},"type":"if","locations":[{"start":{"line":24,"column":2},"end":{"line":42,"column":null}},{"start":{},"end":{}}],"line":24},"1":{"loc":{"start":{"line":44,"column":2},"end":{"line":46,"column":null}},"type":"if","locations":[{"start":{"line":44,"column":2},"end":{"line":46,"column":null}},{"start":{},"end":{}}],"line":44},"2":{"loc":{"start":{"line":44,"column":6},"end":{"line":44,"column":34}},"type":"binary-expr","locations":[{"start":{"line":44,"column":6},"end":{"line":44,"column":15}},{"start":{"line":44,"column":15},"end":{"line":44,"column":34}}],"line":44},"3":{"loc":{"start":{"line":59,"column":45},"end":{"line":59,"column":null}},"type":"cond-expr","locations":[{"start":{"line":59,"column":59},"end":{"line":59,"column":85}},{"start":{"line":59,"column":85},"end":{"line":59,"column":null}}],"line":59},"4":{"loc":{"start":{"line":61,"column":13},"end":{"line":61,"column":null}},"type":"binary-expr","locations":[{"start":{"line":61,"column":13},"end":{"line":61,"column":32}},{"start":{"line":61,"column":32},"end":{"line":61,"column":null}}],"line":61}},"s":{"0":2,"1":10,"2":10,"3":13,"4":10,"5":1,"6":2,"7":9,"8":2,"9":7,"10":9},"f":{"0":10,"1":13,"2":2,"3":9},"b":{"0":[1,9],"1":[2,7],"2":[9,8],"3":[4,5],"4":[9,5]},"meta":{"lastBranch":5,"lastFunction":4,"lastStatement":11,"seen":{"s:14:46:67:Infinity":0,"f:14:46:14:47":0,"s:15:18:15:Infinity":1,"s:17:21:22:Infinity":2,"f:17:21:17:22":1,"s:18:4:21:Infinity":3,"b:24:2:42:Infinity:undefined:undefined:undefined:undefined":0,"s:24:2:42:Infinity":4,"s:25:4:40:Infinity":5,"f:29:22:29:23":2,"s:30:12:37:Infinity":6,"b:44:2:46:Infinity:undefined:undefined:undefined:undefined":1,"s:44:2:46:Infinity":7,"b:44:6:44:15:44:15:44:34":2,"s:45:4:45:Infinity":8,"s:48:2:65:Infinity":9,"f:52:18:52:19":3,"s:53:10:62:Infinity":10,"b:59:59:59:85:59:85:59:Infinity":3,"b:61:13:61:32:61:32:61:Infinity":4}}}
,"/home/runner/work/personal_website/personal_website/frontend/src/components/UserProfile.tsx": {"path":"/home/runner/work/personal_website/personal_website/frontend/src/components/UserProfile.tsx","statementMap":{"0":{"start":{"line":14,"column":57},"end":{"line":51,"column":null}},"1":{"start":{"line":15,"column":12},"end":{"line":15,"column":null}},"2":{"start":{"line":16,"column":23},"end":{"line":16,"column":null}},"3":{"start":{"line":18,"column":2},"end":{"line":49,"column":null}}},"fnMap":{"0":{"name":"(anonymous_0)","decl":{"start":{"line":14,"column":57},"end":{"line":14,"column":58}},"loc":{"start":{"line":14,"column":80},"end":{"line":51,"column":null}},"line":14}},"branchMap":{"0":{"loc":{"start":{"line":16,"column":23},"end":{"line":16,"column":null}},"type":"binary-expr","locations":[{"start":{"line":16,"column":23},"end":{"line":16,"column":45}},{"start":{"line":16,"column":45},"end":{"line":16,"column":null}}],"line":16},"1":{"loc":{"start":{"line":22,"column":11},"end":{"line":25,"column":null}},"type":"cond-expr","locations":[{"start":{"line":23,"column":12},"end":{"line":23,"column":null}},{"start":{"line":25,"column":12},"end":{"line":25,"column":null}}],"line":22},"2":{"loc":{"start":{"line":25,"column":41},"end":{"line":25,"column":59}},"type":"binary-expr","locations":[{"start":{"line":25,"column":41},"end":{"line":25,"column":55}},{"start":{"line":25,"column":55},"end":{"line":25,"column":59}}],"line":25},"3":{"loc":{"start":{"line":29,"column":15},"end":{"line":29,"column":63}},"type":"cond-expr","locations":[{"start":{"line":29,"column":25},"end":{"line":29,"column":52}},{"start":{"line":29,"column":52},"end":{"line":29,"column":63}}],"line":29},"4":{"loc":{"start":{"line":30,"column":33},"end":{"line":30,"column":81}},"type":"cond-expr","locations":[{"start":{"line":30,"column":43},"end":{"line":30,"column":69}},{"start":{"line":30,"column":69},"end":{"line":30,"column":81}}],"line":30},"5":{"loc":{"start":{"line":34,"column":15},"end":{"line":34,"column":null}},"type":"cond-expr","locations":[{"start":{"line":34,"column":25},"end":{"line":34,"column":52}},{"start":{"line":34,"column":52},"end":{"line":34,"column":null}}],"line":34},"6":{"loc":{"start":{"line":38,"column":15},"end":{"line":38,"column":null}},"type":"cond-expr","locations":[{"start":{"line":38,"column":25},"end":{"line":38,"column":52}},{"start":{"line":38,"column":52},"end":{"line":38,"column":null}}],"line":38},"7":{"loc":{"start":{"line":42,"column":6},"end":{"line":47,"column":null}},"type":"binary-expr","locations":[{"start":{"line":43,"column":8},"end":{"line":43,"column":21}},{"start":{"line":43,"column":21},"end":{"line":43,"column":null}},{"start":{"line":44,"column":8},"end":{"line":47,"column":null}}],"line":42},"8":{"loc":{"start":{"line":46,"column":14},"end":{"line":46,"column":59}},"type":"cond-expr","locations":[{"start":{"line":46,"column":24},"end":{"line":46,"column":49}},{"start":{"line":46,"column":49},"end":{"line":46,"column":59}}],"line":46}},"s":{"0":2,"1":8,"2":8,"3":8},"f":{"0":8},"b":{"0":[8,7],"1":[1,7],"2":[7,0],"3":[1,7],"4":[1,7],"5":[1,7],"6":[1,7],"7":[8,2,7],"8":[1,6]},"meta":{"lastBranch":9,"lastFunction":1,"lastStatement":4,"seen":{"s:14:57:51:Infinity":0,"f:14:57:14:58":0,"s:15:12:15:Infinity":1,"s:16:23:16:Infinity":2,"b:16:23:16:45:16:45:16:Infinity":0,"s:18:2:49:Infinity":3,"b:23:12:23:Infinity:25:12:25:Infinity":1,"b:25:41:25:55:25:55:25:59":2,"b:29:25:29:52:29:52:29:63":3,"b:30:43:30:69:30:69:30:81":4,"b:34:25:34:52:34:52:34:Infinity":5,"b:38:25:38:52:38:52:38:Infinity":6,"b:43:8:43:21:43:21:43:Infinity:44:8:47:Infinity":7,"b:46:24:46:49:46:49:46:59":8}}}
,"/home/runner/work/personal_website/personal_website/frontend/src/pages/ProfilePage.tsx": {"path":"/home/runner/work/personal_website/personal_website/frontend/src/pages/ProfilePage.tsx","statementMap":{"0":{"start":{"line":12,"column":30},"end":{"line":100,"column":null}},"1":{"start":{"line":13,"column":12},"end":{"line":13,"column":null}},"2":{"start":{"line":14,"column":28},"end":{"line":14,"column":null}},"3":{"start":{"line":15,"column":28},"end":{"line":15,"column":null}},"4":{"start":{"line":16,"column":24},"end":{"line":16,"column":null}},"5":{"start":{"line":18,"column":2},"end":{"line":35,"column":null}},"6":{"start":{"line":19,"column":25},"end":{"line":32,"column":null}},"7":{"start":{"line":20,"column":6},"end":{"line":31,"column":null}},"8":{"start":{"line":21,"column":8},"end":{"line":21,"column":null}},"9":{"start":{"line":23,"column":21},"end":{"line":23,"column":null}},"10":{"start":{"line":24,"column":8},"end":{"line":24,"column":null}},"11":{"start":{"line":25,"column":8},"end":{"line":25,"column":null}},"12":{"start":{"line":27,"column":8},"end":{"line":27,"column":null}},"13":{"start":{"line":28,"column":8},"end":{"line":28,"column":null}},"14":{"start":{"line":30,"column":8},"end":{"line":30,"column":null}},"15":{"start":{"line":34,"column":4},"end":{"line":34,"column":null}},"16":{"start":{"line":37,"column":2},"end":{"line":71,"column":null}},"17":{"start":{"line":38,"column":4},"end":{"line":69,"column":null}},"18":{"start":{"line":73,"column":2},"end":{"line":79,"column":null}},"19":{"start":{"line":74,"column":4},"end":{"line":77,"column":null}},"20":{"start":{"line":81,"column":2},"end":{"line":87,"column":null}},"21":{"start":{"line":82,"column":4},"end":{"line":85,"column":null}},"22":{"start":{"line":89,"column":2},"end":{"line":98,"column":null}}},"fnMap":{"0":{"name":"(anonymous_0)","decl":{"start":{"line":12,"column":30},"end":{"line":12,"column":36}},"loc":{"start":{"line":12,"column":36},"end":{"line":100,"column":null}},"line":12},"1":{"name":"(anonymous_1)","decl":{"start":{"line":18,"column":12},"end":{"line":18,"column":18}},"loc":{"start":{"line":18,"column":18},"end":{"line":35,"column":5}},"line":18},"2":{"name":"(anonymous_2)","decl":{"start":{"line":19,"column":25},"end":{"line":19,"column":37}},"loc":{"start":{"line":19,"column":37},"end":{"line":32,"column":null}},"line":19}},"branchMap":{"0":{"loc":{"start":{"line":37,"column":2},"end":{"line":71,"column":null}},"type":"if","locations":[{"start":{"line":37,"column":2},"end":{"line":71,"column":null}},{"start":{},"end":{}}],"line":37},"1":{"loc":{"start":{"line":73,"column":2},"end":{"line":79,"column":null}},"type":"if","locations":[{"start":{"line":73,"column":2},"end":{"line":79,"column":null}},{"start":{},"end":{}}],"line":73},"2":{"loc":{"start":{"line":81,"column":2},"end":{"line":87,"column":null}},"type":"if","locations":[{"start":{"line":81,"column":2},"end":{"line":87,"column":null}},{"start":{},"end":{}}],"line":81}},"s":{"0":1,"1":7,"2":7,"3":7,"4":7,"5":7,"6":4,"7":4,"8":4,"9":4,"10":2,"11":2,"12":1,"13":1,"14":3,"15":4,"16":7,"17":4,"18":3,"19":1,"20":2,"21":1,"22":1},"f":{"0":7,"1":4,"2":4},"b":{"0":[4,3],"1":[1,2],"2":[1,1]},"meta":{"lastBranch":3,"lastFunction":3,"lastStatement":23,"seen":{"s:12:30:100:Infinity":0,"f:12:30:12:36":0,"s:13:12:13:Infinity":1,"s:14:28:14:Infinity":2,"s:15:28:15:Infinity":3,"s:16:24:16:Infinity":4,"s:18:2:35:Infinity":5,"f:18:12:18:18":1,"s:19:25:32:Infinity":6,"f:19:25:19:37":2,"s:20:6:31:Infinity":7,"s:21:8:21:Infinity":8,"s:23:21:23:Infinity":9,"s:24:8:24:Infinity":10,"s:25:8:25:Infinity":11,"s:27:8:27:Infinity":12,"s:28:8:28:Infinity":13,"s:30:8:30:Infinity":14,"s:34:4:34:Infinity":15,"b:37:2:71:Infinity:undefined:undefined:undefined:undefined":0,"s:37:2:71:Infinity":16,"s:38:4:69:Infinity":17,"b:73:2:79:Infinity:undefined:undefined:undefined:undefined":1,"s:73:2:79:Infinity":18,"s:74:4:77:Infinity":19,"b:81:2:87:Infinity:undefined:undefined:undefined:undefined":2,"s:81:2:87:Infinity":20,"s:82:4:85:Infinity":21,"s:89:2:98:Infinity":22}}}
,"/home/runner/work/personal_website/personal_website/frontend/src/services/api.ts": {"path":"/home/runner/work/personal_website/personal_website/frontend/src/services/api.ts","statementMap":{"0":{"start":{"line":7,"column":21},"end":{"line":7,"column":null}},"1":{"start":{"line":9,"column":12},"end":{"line":18,"column":null}},"2":{"start":{"line":12,"column":30},"end":{"line":12,"column":null}},"3":{"start":{"line":20,"column":30},"end":{"line":29,"column":null}},"4":{"start":{"line":21,"column":2},"end":{"line":28,"column":null}},"5":{"start":{"line":22,"column":21},"end":{"line":22,"column":null}},"6":{"start":{"line":23,"column":4},"end":{"line":23,"column":null}},"7":{"start":{"line":26,"column":4},"end":{"line":26,"column":null}},"8":{"start":{"line":27,"column":4},"end":{"line":27,"column":null}},"9":{"start":{"line":31,"column":23},"end":{"line":39,"column":null}},"10":{"start":{"line":32,"column":2},"end":{"line":38,"column":null}},"11":{"start":{"line":33,"column":21},"end":{"line":33,"column":null}},"12":{"start":{"line":34,"column":4},"end":{"line":34,"column":null}},"13":{"start":{"line":36,"column":4},"end":{"line":36,"column":null}},"14":{"start":{"line":37,"column":4},"end":{"line":37,"column":null}}},"fnMap":{"0":{"name":"(anonymous_0)","decl":{"start":{"line":12,"column":18},"end":{"line":12,"column":19}},"loc":{"start":{"line":12,"column":30},"end":{"line":12,"column":null}},"line":12},"1":{"name":"(anonymous_1)","decl":{"start":{"line":20,"column":30},"end":{"line":20,"column":37}},"loc":{"start":{"line":20,"column":78},"end":{"line":29,"column":null}},"line":20},"2":{"name":"(anonymous_2)","decl":{"start":{"line":31,"column":23},"end":{"line":31,"column":30}},"loc":{"start":{"line":31,"column":64},"end":{"line":39,"column":null}},"line":31}},"branchMap":{"0":{"loc":{"start":{"line":12,"column":30},"end":{"line":12,"column":null}},"type":"binary-expr","locations":[{"start":{"line":12,"column":30},"end":{"line":12,"column":47}},{"start":{"line":12,"column":47},"end":{"line":12,"column":null}}],"line":12}},"s":{"0":1,"1":1,"2":0,"3":1,"4":2,"5":2,"6":1,"7":1,"8":1,"9":1,"10":2,"11":2,"12":1,"13":1,"14":1},"f":{"0":0,"1":2,"2":2},"b":{"0":[0,0]},"meta":{"lastBranch":1,"lastFunction":3,"lastStatement":15,"seen":{"s:7:21:7:Infinity":0,"s:9:12:18:Infinity":1,"f:12:18:12:19":0,"s:12:30:12:Infinity":2,"b:12:30:12:47:12:47:12:Infinity":0,"s:20:30:29:Infinity":3,"f:20:30:20:37":1,"s:21:2:28:Infinity":4,"s:22:21:22:Infinity":5,"s:23:4:23:Infinity":6,"s:26:4:26:Infinity":7,"s:27:4:27:Infinity":8,"s:31:23:39:Infinity":9,"f:31:23:31:30":2,"s:32:2:38:Infinity":10,"s:33:21:33:Infinity":11,"s:34:4:34:Infinity":12,"s:36:4:36:Infinity":13,"s:37:4:37:Infinity":14}}}
}
