{"/home/runner/work/personal_website/personal_website/backend/src/config/database.ts": {"path":"/home/runner/work/personal_website/personal_website/backend/src/config/database.ts","statementMap":{"0":{"start":{"line":3,"column":13},"end":{"line":14,"column":null}}},"fnMap":{},"branchMap":{"0":{"loc":{"start":{"line":4,"column":8},"end":{"line":4,"column":null}},"type":"binary-expr","locations":[{"start":{"line":4,"column":8},"end":{"line":4,"column":31}},{"start":{"line":4,"column":31},"end":{"line":4,"column":null}}],"line":4},"1":{"loc":{"start":{"line":5,"column":17},"end":{"line":5,"column":46}},"type":"binary-expr","locations":[{"start":{"line":5,"column":17},"end":{"line":5,"column":40}},{"start":{"line":5,"column":40},"end":{"line":5,"column":46}}],"line":5},"2":{"loc":{"start":{"line":6,"column":8},"end":{"line":6,"column":null}},"type":"binary-expr","locations":[{"start":{"line":6,"column":8},"end":{"line":6,"column":31}},{"start":{"line":6,"column":31},"end":{"line":6,"column":null}}],"line":6},"3":{"loc":{"start":{"line":7,"column":12},"end":{"line":7,"column":null}},"type":"binary-expr","locations":[{"start":{"line":7,"column":12},"end":{"line":7,"column":39}},{"start":{"line":7,"column":39},"end":{"line":7,"column":null}}],"line":7},"4":{"loc":{"start":{"line":8,"column":12},"end":{"line":8,"column":null}},"type":"binary-expr","locations":[{"start":{"line":8,"column":12},"end":{"line":8,"column":35}},{"start":{"line":8,"column":35},"end":{"line":8,"column":null}}],"line":8}},"s":{"0":2},"f":{},"b":{"0":[2,1],"1":[2,1],"2":[2,1],"3":[2,1],"4":[2,1]},"meta":{"lastBranch":5,"lastFunction":0,"lastStatement":1,"seen":{"s:3:13:14:Infinity":0,"b:4:8:4:31:4:31:4:Infinity":0,"b:5:17:5:40:5:40:5:46":1,"b:6:8:6:31:6:31:6:Infinity":2,"b:7:12:7:39:7:39:7:Infinity":3,"b:8:12:8:35:8:35:8:Infinity":4}}}
,"/home/runner/work/personal_website/personal_website/backend/src/controllers/educationController.ts": {"path":"/home/runner/work/personal_website/personal_website/backend/src/controllers/educationController.ts","statementMap":{"0":{"start":{"line":4,"column":34},"end":{"line":18,"column":null}},"1":{"start":{"line":5,"column":2},"end":{"line":17,"column":null}},"2":{"start":{"line":6,"column":23},"end":{"line":6,"column":null}},"3":{"start":{"line":7,"column":22},"end":{"line":7,"column":null}},"4":{"start":{"line":8,"column":4},"end":{"line":11,"column":null}},"5":{"start":{"line":9,"column":6},"end":{"line":9,"column":null}},"6":{"start":{"line":10,"column":6},"end":{"line":10,"column":null}},"7":{"start":{"line":12,"column":22},"end":{"line":12,"column":null}},"8":{"start":{"line":13,"column":4},"end":{"line":13,"column":null}},"9":{"start":{"line":15,"column":4},"end":{"line":15,"column":null}},"10":{"start":{"line":16,"column":4},"end":{"line":16,"column":null}},"11":{"start":{"line":20,"column":31},"end":{"line":60,"column":null}},"12":{"start":{"line":21,"column":2},"end":{"line":59,"column":null}},"13":{"start":{"line":22,"column":84},"end":{"line":22,"column":null}},"14":{"start":{"line":24,"column":4},"end":{"line":27,"column":null}},"15":{"start":{"line":25,"column":6},"end":{"line":25,"column":null}},"16":{"start":{"line":26,"column":6},"end":{"line":26,"column":null}},"17":{"start":{"line":29,"column":18},"end":{"line":29,"column":null}},"18":{"start":{"line":30,"column":4},"end":{"line":33,"column":null}},"19":{"start":{"line":31,"column":6},"end":{"line":31,"column":null}},"20":{"start":{"line":32,"column":6},"end":{"line":32,"column":null}},"21":{"start":{"line":35,"column":27},"end":{"line":35,"column":null}},"22":{"start":{"line":36,"column":4},"end":{"line":43,"column":null}},"23":{"start":{"line":37,"column":24},"end":{"line":37,"column":null}},"24":{"start":{"line":38,"column":6},"end":{"line":41,"column":null}},"25":{"start":{"line":39,"column":8},"end":{"line":39,"column":null}},"26":{"start":{"line":40,"column":8},"end":{"line":40,"column":null}},"27":{"start":{"line":42,"column":6},"end":{"line":42,"column":null}},"28":{"start":{"line":45,"column":24},"end":{"line":53,"column":null}},"29":{"start":{"line":55,"column":4},"end":{"line":55,"column":null}},"30":{"start":{"line":57,"column":4},"end":{"line":57,"column":null}},"31":{"start":{"line":58,"column":4},"end":{"line":58,"column":null}},"32":{"start":{"line":62,"column":31},"end":{"line":77,"column":null}},"33":{"start":{"line":63,"column":2},"end":{"line":76,"column":null}},"34":{"start":{"line":64,"column":19},"end":{"line":64,"column":null}},"35":{"start":{"line":65,"column":18},"end":{"line":65,"column":null}},"36":{"start":{"line":66,"column":4},"end":{"line":69,"column":null}},"37":{"start":{"line":67,"column":6},"end":{"line":67,"column":null}},"38":{"start":{"line":68,"column":6},"end":{"line":68,"column":null}},"39":{"start":{"line":71,"column":4},"end":{"line":71,"column":null}},"40":{"start":{"line":72,"column":4},"end":{"line":72,"column":null}},"41":{"start":{"line":74,"column":4},"end":{"line":74,"column":null}},"42":{"start":{"line":75,"column":4},"end":{"line":75,"column":null}}},"fnMap":{"0":{"name":"(anonymous_0)","decl":{"start":{"line":4,"column":34},"end":{"line":4,"column":41}},"loc":{"start":{"line":4,"column":88},"end":{"line":18,"column":null}},"line":4},"1":{"name":"(anonymous_1)","decl":{"start":{"line":20,"column":31},"end":{"line":20,"column":38}},"loc":{"start":{"line":20,"column":85},"end":{"line":60,"column":null}},"line":20},"2":{"name":"(anonymous_2)","decl":{"start":{"line":62,"column":31},"end":{"line":62,"column":38}},"loc":{"start":{"line":62,"column":85},"end":{"line":77,"column":null}},"line":62}},"branchMap":{"0":{"loc":{"start":{"line":8,"column":4},"end":{"line":11,"column":null}},"type":"if","locations":[{"start":{"line":8,"column":4},"end":{"line":11,"column":null}},{"start":{},"end":{}}],"line":8},"1":{"loc":{"start":{"line":24,"column":4},"end":{"line":27,"column":null}},"type":"if","locations":[{"start":{"line":24,"column":4},"end":{"line":27,"column":null}},{"start":{},"end":{}}],"line":24},"2":{"loc":{"start":{"line":24,"column":8},"end":{"line":24,"column":68}},"type":"binary-expr","locations":[{"start":{"line":24,"column":8},"end":{"line":24,"column":19}},{"start":{"line":24,"column":19},"end":{"line":24,"column":35}},{"start":{"line":24,"column":35},"end":{"line":24,"column":46}},{"start":{"line":24,"column":46},"end":{"line":24,"column":56}},{"start":{"line":24,"column":56},"end":{"line":24,"column":68}}],"line":24},"3":{"loc":{"start":{"line":30,"column":4},"end":{"line":33,"column":null}},"type":"if","locations":[{"start":{"line":30,"column":4},"end":{"line":33,"column":null}},{"start":{},"end":{}}],"line":30},"4":{"loc":{"start":{"line":36,"column":4},"end":{"line":43,"column":null}},"type":"if","locations":[{"start":{"line":36,"column":4},"end":{"line":43,"column":null}},{"start":{},"end":{}}],"line":36},"5":{"loc":{"start":{"line":38,"column":6},"end":{"line":41,"column":null}},"type":"if","locations":[{"start":{"line":38,"column":6},"end":{"line":41,"column":null}},{"start":{},"end":{}}],"line":38},"6":{"loc":{"start":{"line":52,"column":19},"end":{"line":52,"column":null}},"type":"binary-expr","locations":[{"start":{"line":52,"column":19},"end":{"line":52,"column":34}},{"start":{"line":52,"column":34},"end":{"line":52,"column":null}}],"line":52},"7":{"loc":{"start":{"line":66,"column":4},"end":{"line":69,"column":null}},"type":"if","locations":[{"start":{"line":66,"column":4},"end":{"line":69,"column":null}},{"start":{},"end":{}}],"line":66}},"s":{"0":18,"1":5,"2":5,"3":5,"4":5,"5":2,"6":2,"7":3,"8":2,"9":1,"10":1,"11":18,"12":8,"13":8,"14":8,"15":2,"16":2,"17":6,"18":6,"19":1,"20":1,"21":5,"22":5,"23":2,"24":2,"25":1,"26":1,"27":1,"28":4,"29":3,"30":1,"31":1,"32":18,"33":5,"34":5,"35":5,"36":5,"37":2,"38":2,"39":3,"40":2,"41":1,"42":1},"f":{"0":5,"1":8,"2":5},"b":{"0":[2,3],"1":[2,6],"2":[8,8,6,6,6],"3":[1,5],"4":[2,3],"5":[1,1],"6":[4,4],"7":[2,3]},"meta":{"lastBranch":8,"lastFunction":3,"lastStatement":43,"seen":{"s:4:34:18:Infinity":0,"f:4:34:4:41":0,"s:5:2:17:Infinity":1,"s:6:23:6:Infinity":2,"s:7:22:7:Infinity":3,"b:8:4:11:Infinity:undefined:undefined:undefined:undefined":0,"s:8:4:11:Infinity":4,"s:9:6:9:Infinity":5,"s:10:6:10:Infinity":6,"s:12:22:12:Infinity":7,"s:13:4:13:Infinity":8,"s:15:4:15:Infinity":9,"s:16:4:16:Infinity":10,"s:20:31:60:Infinity":11,"f:20:31:20:38":1,"s:21:2:59:Infinity":12,"s:22:84:22:Infinity":13,"b:24:4:27:Infinity:undefined:undefined:undefined:undefined":1,"s:24:4:27:Infinity":14,"b:24:8:24:19:24:19:24:35:24:35:24:46:24:46:24:56:24:56:24:68":2,"s:25:6:25:Infinity":15,"s:26:6:26:Infinity":16,"s:29:18:29:Infinity":17,"b:30:4:33:Infinity:undefined:undefined:undefined:undefined":3,"s:30:4:33:Infinity":18,"s:31:6:31:Infinity":19,"s:32:6:32:Infinity":20,"s:35:27:35:Infinity":21,"b:36:4:43:Infinity:undefined:undefined:undefined:undefined":4,"s:36:4:43:Infinity":22,"s:37:24:37:Infinity":23,"b:38:6:41:Infinity:undefined:undefined:undefined:undefined":5,"s:38:6:41:Infinity":24,"s:39:8:39:Infinity":25,"s:40:8:40:Infinity":26,"s:42:6:42:Infinity":27,"s:45:24:53:Infinity":28,"b:52:19:52:34:52:34:52:Infinity":6,"s:55:4:55:Infinity":29,"s:57:4:57:Infinity":30,"s:58:4:58:Infinity":31,"s:62:31:77:Infinity":32,"f:62:31:62:38":2,"s:63:2:76:Infinity":33,"s:64:19:64:Infinity":34,"s:65:18:65:Infinity":35,"b:66:4:69:Infinity:undefined:undefined:undefined:undefined":7,"s:66:4:69:Infinity":36,"s:67:6:67:Infinity":37,"s:68:6:68:Infinity":38,"s:71:4:71:Infinity":39,"s:72:4:72:Infinity":40,"s:74:4:74:Infinity":41,"s:75:4:75:Infinity":42}}}
,"/home/runner/work/personal_website/personal_website/backend/src/controllers/jobController.ts": {"path":"/home/runner/work/personal_website/personal_website/backend/src/controllers/jobController.ts","statementMap":{"0":{"start":{"line":4,"column":29},"end":{"line":18,"column":null}},"1":{"start":{"line":5,"column":2},"end":{"line":17,"column":null}},"2":{"start":{"line":6,"column":23},"end":{"line":6,"column":null}},"3":{"start":{"line":7,"column":22},"end":{"line":7,"column":null}},"4":{"start":{"line":8,"column":4},"end":{"line":11,"column":null}},"5":{"start":{"line":9,"column":6},"end":{"line":9,"column":null}},"6":{"start":{"line":10,"column":6},"end":{"line":10,"column":null}},"7":{"start":{"line":12,"column":17},"end":{"line":12,"column":null}},"8":{"start":{"line":13,"column":4},"end":{"line":13,"column":null}},"9":{"start":{"line":15,"column":4},"end":{"line":15,"column":null}},"10":{"start":{"line":16,"column":4},"end":{"line":16,"column":null}},"11":{"start":{"line":20,"column":25},"end":{"line":59,"column":null}},"12":{"start":{"line":21,"column":2},"end":{"line":58,"column":null}},"13":{"start":{"line":22,"column":75},"end":{"line":22,"column":null}},"14":{"start":{"line":24,"column":4},"end":{"line":27,"column":null}},"15":{"start":{"line":25,"column":6},"end":{"line":25,"column":null}},"16":{"start":{"line":26,"column":6},"end":{"line":26,"column":null}},"17":{"start":{"line":29,"column":18},"end":{"line":29,"column":null}},"18":{"start":{"line":30,"column":4},"end":{"line":33,"column":null}},"19":{"start":{"line":31,"column":6},"end":{"line":31,"column":null}},"20":{"start":{"line":32,"column":6},"end":{"line":32,"column":null}},"21":{"start":{"line":35,"column":27},"end":{"line":35,"column":null}},"22":{"start":{"line":36,"column":4},"end":{"line":43,"column":null}},"23":{"start":{"line":37,"column":24},"end":{"line":37,"column":null}},"24":{"start":{"line":38,"column":6},"end":{"line":41,"column":null}},"25":{"start":{"line":39,"column":8},"end":{"line":39,"column":null}},"26":{"start":{"line":40,"column":8},"end":{"line":40,"column":null}},"27":{"start":{"line":42,"column":6},"end":{"line":42,"column":null}},"28":{"start":{"line":45,"column":18},"end":{"line":52,"column":null}},"29":{"start":{"line":54,"column":4},"end":{"line":54,"column":null}},"30":{"start":{"line":56,"column":4},"end":{"line":56,"column":null}},"31":{"start":{"line":57,"column":4},"end":{"line":57,"column":null}},"32":{"start":{"line":61,"column":25},"end":{"line":76,"column":null}},"33":{"start":{"line":62,"column":2},"end":{"line":75,"column":null}},"34":{"start":{"line":63,"column":19},"end":{"line":63,"column":null}},"35":{"start":{"line":64,"column":18},"end":{"line":64,"column":null}},"36":{"start":{"line":65,"column":4},"end":{"line":68,"column":null}},"37":{"start":{"line":66,"column":6},"end":{"line":66,"column":null}},"38":{"start":{"line":67,"column":6},"end":{"line":67,"column":null}},"39":{"start":{"line":70,"column":4},"end":{"line":70,"column":null}},"40":{"start":{"line":71,"column":4},"end":{"line":71,"column":null}},"41":{"start":{"line":73,"column":4},"end":{"line":73,"column":null}},"42":{"start":{"line":74,"column":4},"end":{"line":74,"column":null}}},"fnMap":{"0":{"name":"(anonymous_0)","decl":{"start":{"line":4,"column":29},"end":{"line":4,"column":36}},"loc":{"start":{"line":4,"column":83},"end":{"line":18,"column":null}},"line":4},"1":{"name":"(anonymous_1)","decl":{"start":{"line":20,"column":25},"end":{"line":20,"column":32}},"loc":{"start":{"line":20,"column":79},"end":{"line":59,"column":null}},"line":20},"2":{"name":"(anonymous_2)","decl":{"start":{"line":61,"column":25},"end":{"line":61,"column":32}},"loc":{"start":{"line":61,"column":79},"end":{"line":76,"column":null}},"line":61}},"branchMap":{"0":{"loc":{"start":{"line":8,"column":4},"end":{"line":11,"column":null}},"type":"if","locations":[{"start":{"line":8,"column":4},"end":{"line":11,"column":null}},{"start":{},"end":{}}],"line":8},"1":{"loc":{"start":{"line":24,"column":4},"end":{"line":27,"column":null}},"type":"if","locations":[{"start":{"line":24,"column":4},"end":{"line":27,"column":null}},{"start":{},"end":{}}],"line":24},"2":{"loc":{"start":{"line":24,"column":8},"end":{"line":24,"column":56}},"type":"binary-expr","locations":[{"start":{"line":24,"column":8},"end":{"line":24,"column":19}},{"start":{"line":24,"column":19},"end":{"line":24,"column":31}},{"start":{"line":24,"column":31},"end":{"line":24,"column":44}},{"start":{"line":24,"column":44},"end":{"line":24,"column":56}}],"line":24},"3":{"loc":{"start":{"line":30,"column":4},"end":{"line":33,"column":null}},"type":"if","locations":[{"start":{"line":30,"column":4},"end":{"line":33,"column":null}},{"start":{},"end":{}}],"line":30},"4":{"loc":{"start":{"line":36,"column":4},"end":{"line":43,"column":null}},"type":"if","locations":[{"start":{"line":36,"column":4},"end":{"line":43,"column":null}},{"start":{},"end":{}}],"line":36},"5":{"loc":{"start":{"line":38,"column":6},"end":{"line":41,"column":null}},"type":"if","locations":[{"start":{"line":38,"column":6},"end":{"line":41,"column":null}},{"start":{},"end":{}}],"line":38},"6":{"loc":{"start":{"line":51,"column":19},"end":{"line":51,"column":null}},"type":"binary-expr","locations":[{"start":{"line":51,"column":19},"end":{"line":51,"column":34}},{"start":{"line":51,"column":34},"end":{"line":51,"column":null}}],"line":51},"7":{"loc":{"start":{"line":65,"column":4},"end":{"line":68,"column":null}},"type":"if","locations":[{"start":{"line":65,"column":4},"end":{"line":68,"column":null}},{"start":{},"end":{}}],"line":65}},"s":{"0":18,"1":5,"2":5,"3":5,"4":5,"5":2,"6":2,"7":3,"8":2,"9":1,"10":1,"11":18,"12":8,"13":8,"14":8,"15":2,"16":2,"17":6,"18":6,"19":1,"20":1,"21":5,"22":5,"23":2,"24":2,"25":1,"26":1,"27":1,"28":4,"29":3,"30":1,"31":1,"32":18,"33":5,"34":5,"35":5,"36":5,"37":2,"38":2,"39":3,"40":2,"41":1,"42":1},"f":{"0":5,"1":8,"2":5},"b":{"0":[2,3],"1":[2,6],"2":[8,8,6,6],"3":[1,5],"4":[2,3],"5":[1,1],"6":[4,4],"7":[2,3]},"meta":{"lastBranch":8,"lastFunction":3,"lastStatement":43,"seen":{"s:4:29:18:Infinity":0,"f:4:29:4:36":0,"s:5:2:17:Infinity":1,"s:6:23:6:Infinity":2,"s:7:22:7:Infinity":3,"b:8:4:11:Infinity:undefined:undefined:undefined:undefined":0,"s:8:4:11:Infinity":4,"s:9:6:9:Infinity":5,"s:10:6:10:Infinity":6,"s:12:17:12:Infinity":7,"s:13:4:13:Infinity":8,"s:15:4:15:Infinity":9,"s:16:4:16:Infinity":10,"s:20:25:59:Infinity":11,"f:20:25:20:32":1,"s:21:2:58:Infinity":12,"s:22:75:22:Infinity":13,"b:24:4:27:Infinity:undefined:undefined:undefined:undefined":1,"s:24:4:27:Infinity":14,"b:24:8:24:19:24:19:24:31:24:31:24:44:24:44:24:56":2,"s:25:6:25:Infinity":15,"s:26:6:26:Infinity":16,"s:29:18:29:Infinity":17,"b:30:4:33:Infinity:undefined:undefined:undefined:undefined":3,"s:30:4:33:Infinity":18,"s:31:6:31:Infinity":19,"s:32:6:32:Infinity":20,"s:35:27:35:Infinity":21,"b:36:4:43:Infinity:undefined:undefined:undefined:undefined":4,"s:36:4:43:Infinity":22,"s:37:24:37:Infinity":23,"b:38:6:41:Infinity:undefined:undefined:undefined:undefined":5,"s:38:6:41:Infinity":24,"s:39:8:39:Infinity":25,"s:40:8:40:Infinity":26,"s:42:6:42:Infinity":27,"s:45:18:52:Infinity":28,"b:51:19:51:34:51:34:51:Infinity":6,"s:54:4:54:Infinity":29,"s:56:4:56:Infinity":30,"s:57:4:57:Infinity":31,"s:61:25:76:Infinity":32,"f:61:25:61:32":2,"s:62:2:75:Infinity":33,"s:63:19:63:Infinity":34,"s:64:18:64:Infinity":35,"b:65:4:68:Infinity:undefined:undefined:undefined:undefined":7,"s:65:4:68:Infinity":36,"s:66:6:66:Infinity":37,"s:67:6:67:Infinity":38,"s:70:4:70:Infinity":39,"s:71:4:71:Infinity":40,"s:73:4:73:Infinity":41,"s:74:4:74:Infinity":42}}}
,"/home/runner/work/personal_website/personal_website/backend/src/controllers/userController.ts": {"path":"/home/runner/work/personal_website/personal_website/backend/src/controllers/userController.ts","statementMap":{"0":{"start":{"line":4,"column":23},"end":{"line":24,"column":null}},"1":{"start":{"line":5,"column":2},"end":{"line":23,"column":null}},"2":{"start":{"line":6,"column":19},"end":{"line":6,"column":null}},"3":{"start":{"line":7,"column":19},"end":{"line":7,"column":null}},"4":{"start":{"line":8,"column":4},"end":{"line":11,"column":null}},"5":{"start":{"line":9,"column":6},"end":{"line":9,"column":null}},"6":{"start":{"line":10,"column":6},"end":{"line":10,"column":null}},"7":{"start":{"line":12,"column":17},"end":{"line":12,"column":null}},"8":{"start":{"line":14,"column":4},"end":{"line":17,"column":null}},"9":{"start":{"line":15,"column":6},"end":{"line":15,"column":null}},"10":{"start":{"line":16,"column":6},"end":{"line":16,"column":null}},"11":{"start":{"line":19,"column":4},"end":{"line":19,"column":null}},"12":{"start":{"line":21,"column":4},"end":{"line":21,"column":null}},"13":{"start":{"line":22,"column":4},"end":{"line":22,"column":null}},"14":{"start":{"line":26,"column":27},"end":{"line":34,"column":null}},"15":{"start":{"line":27,"column":2},"end":{"line":33,"column":null}},"16":{"start":{"line":28,"column":18},"end":{"line":28,"column":null}},"17":{"start":{"line":29,"column":4},"end":{"line":29,"column":null}},"18":{"start":{"line":31,"column":4},"end":{"line":31,"column":null}},"19":{"start":{"line":32,"column":4},"end":{"line":32,"column":null}},"20":{"start":{"line":36,"column":30},"end":{"line":63,"column":null}},"21":{"start":{"line":37,"column":2},"end":{"line":62,"column":null}},"22":{"start":{"line":38,"column":19},"end":{"line":38,"column":null}},"23":{"start":{"line":39,"column":19},"end":{"line":39,"column":null}},"24":{"start":{"line":40,"column":4},"end":{"line":43,"column":null}},"25":{"start":{"line":41,"column":6},"end":{"line":41,"column":null}},"26":{"start":{"line":42,"column":6},"end":{"line":42,"column":null}},"27":{"start":{"line":45,"column":17},"end":{"line":45,"column":null}},"28":{"start":{"line":46,"column":4},"end":{"line":49,"column":null}},"29":{"start":{"line":47,"column":6},"end":{"line":47,"column":null}},"30":{"start":{"line":48,"column":6},"end":{"line":48,"column":null}},"31":{"start":{"line":51,"column":23},"end":{"line":51,"column":null}},"32":{"start":{"line":52,"column":22},"end":{"line":52,"column":null}},"33":{"start":{"line":54,"column":4},"end":{"line":58,"column":null}},"34":{"start":{"line":60,"column":4},"end":{"line":60,"column":null}},"35":{"start":{"line":61,"column":4},"end":{"line":61,"column":null}},"36":{"start":{"line":65,"column":26},"end":{"line":99,"column":null}},"37":{"start":{"line":66,"column":2},"end":{"line":98,"column":null}},"38":{"start":{"line":67,"column":61},"end":{"line":67,"column":null}},"39":{"start":{"line":69,"column":4},"end":{"line":72,"column":null}},"40":{"start":{"line":70,"column":6},"end":{"line":70,"column":null}},"41":{"start":{"line":71,"column":6},"end":{"line":71,"column":null}},"42":{"start":{"line":74,"column":23},"end":{"line":74,"column":null}},"43":{"start":{"line":75,"column":4},"end":{"line":78,"column":null}},"44":{"start":{"line":76,"column":6},"end":{"line":76,"column":null}},"45":{"start":{"line":77,"column":6},"end":{"line":77,"column":null}},"46":{"start":{"line":80,"column":23},"end":{"line":80,"column":null}},"47":{"start":{"line":81,"column":4},"end":{"line":84,"column":null}},"48":{"start":{"line":82,"column":6},"end":{"line":82,"column":null}},"49":{"start":{"line":83,"column":6},"end":{"line":83,"column":null}},"50":{"start":{"line":85,"column":19},"end":{"line":92,"column":null}},"51":{"start":{"line":94,"column":4},"end":{"line":94,"column":null}},"52":{"start":{"line":96,"column":4},"end":{"line":96,"column":null}},"53":{"start":{"line":97,"column":4},"end":{"line":97,"column":null}},"54":{"start":{"line":101,"column":26},"end":{"line":122,"column":null}},"55":{"start":{"line":102,"column":2},"end":{"line":121,"column":null}},"56":{"start":{"line":103,"column":19},"end":{"line":103,"column":null}},"57":{"start":{"line":104,"column":19},"end":{"line":104,"column":null}},"58":{"start":{"line":105,"column":4},"end":{"line":108,"column":null}},"59":{"start":{"line":106,"column":6},"end":{"line":106,"column":null}},"60":{"start":{"line":107,"column":6},"end":{"line":107,"column":null}},"61":{"start":{"line":110,"column":17},"end":{"line":110,"column":null}},"62":{"start":{"line":111,"column":4},"end":{"line":114,"column":null}},"63":{"start":{"line":112,"column":6},"end":{"line":112,"column":null}},"64":{"start":{"line":113,"column":6},"end":{"line":113,"column":null}},"65":{"start":{"line":116,"column":4},"end":{"line":116,"column":null}},"66":{"start":{"line":117,"column":4},"end":{"line":117,"column":null}},"67":{"start":{"line":119,"column":4},"end":{"line":119,"column":null}},"68":{"start":{"line":120,"column":4},"end":{"line":120,"column":null}},"69":{"start":{"line":124,"column":26},"end":{"line":145,"column":null}},"70":{"start":{"line":125,"column":2},"end":{"line":144,"column":null}},"71":{"start":{"line":126,"column":19},"end":{"line":126,"column":null}},"72":{"start":{"line":127,"column":19},"end":{"line":127,"column":null}},"73":{"start":{"line":128,"column":4},"end":{"line":131,"column":null}},"74":{"start":{"line":129,"column":6},"end":{"line":129,"column":null}},"75":{"start":{"line":130,"column":6},"end":{"line":130,"column":null}},"76":{"start":{"line":133,"column":17},"end":{"line":133,"column":null}},"77":{"start":{"line":134,"column":4},"end":{"line":137,"column":null}},"78":{"start":{"line":135,"column":6},"end":{"line":135,"column":null}},"79":{"start":{"line":136,"column":6},"end":{"line":136,"column":null}},"80":{"start":{"line":139,"column":4},"end":{"line":139,"column":null}},"81":{"start":{"line":140,"column":4},"end":{"line":140,"column":null}},"82":{"start":{"line":142,"column":4},"end":{"line":142,"column":null}},"83":{"start":{"line":143,"column":4},"end":{"line":143,"column":null}}},"fnMap":{"0":{"name":"(anonymous_0)","decl":{"start":{"line":4,"column":23},"end":{"line":4,"column":30}},"loc":{"start":{"line":4,"column":77},"end":{"line":24,"column":null}},"line":4},"1":{"name":"(anonymous_1)","decl":{"start":{"line":26,"column":27},"end":{"line":26,"column":34}},"loc":{"start":{"line":26,"column":81},"end":{"line":34,"column":null}},"line":26},"2":{"name":"(anonymous_2)","decl":{"start":{"line":36,"column":30},"end":{"line":36,"column":37}},"loc":{"start":{"line":36,"column":84},"end":{"line":63,"column":null}},"line":36},"3":{"name":"(anonymous_3)","decl":{"start":{"line":65,"column":26},"end":{"line":65,"column":33}},"loc":{"start":{"line":65,"column":80},"end":{"line":99,"column":null}},"line":65},"4":{"name":"(anonymous_4)","decl":{"start":{"line":101,"column":26},"end":{"line":101,"column":33}},"loc":{"start":{"line":101,"column":80},"end":{"line":122,"column":null}},"line":101},"5":{"name":"(anonymous_5)","decl":{"start":{"line":124,"column":26},"end":{"line":124,"column":33}},"loc":{"start":{"line":124,"column":80},"end":{"line":145,"column":null}},"line":124}},"branchMap":{"0":{"loc":{"start":{"line":8,"column":4},"end":{"line":11,"column":null}},"type":"if","locations":[{"start":{"line":8,"column":4},"end":{"line":11,"column":null}},{"start":{},"end":{}}],"line":8},"1":{"loc":{"start":{"line":14,"column":4},"end":{"line":17,"column":null}},"type":"if","locations":[{"start":{"line":14,"column":4},"end":{"line":17,"column":null}},{"start":{},"end":{}}],"line":14},"2":{"loc":{"start":{"line":40,"column":4},"end":{"line":43,"column":null}},"type":"if","locations":[{"start":{"line":40,"column":4},"end":{"line":43,"column":null}},{"start":{},"end":{}}],"line":40},"3":{"loc":{"start":{"line":46,"column":4},"end":{"line":49,"column":null}},"type":"if","locations":[{"start":{"line":46,"column":4},"end":{"line":49,"column":null}},{"start":{},"end":{}}],"line":46},"4":{"loc":{"start":{"line":69,"column":4},"end":{"line":72,"column":null}},"type":"if","locations":[{"start":{"line":69,"column":4},"end":{"line":72,"column":null}},{"start":{},"end":{}}],"line":69},"5":{"loc":{"start":{"line":69,"column":8},"end":{"line":69,"column":45}},"type":"binary-expr","locations":[{"start":{"line":69,"column":8},"end":{"line":69,"column":17}},{"start":{"line":69,"column":17},"end":{"line":69,"column":27}},{"start":{"line":69,"column":27},"end":{"line":69,"column":37}},{"start":{"line":69,"column":37},"end":{"line":69,"column":45}}],"line":69},"6":{"loc":{"start":{"line":75,"column":4},"end":{"line":78,"column":null}},"type":"if","locations":[{"start":{"line":75,"column":4},"end":{"line":78,"column":null}},{"start":{},"end":{}}],"line":75},"7":{"loc":{"start":{"line":81,"column":4},"end":{"line":84,"column":null}},"type":"if","locations":[{"start":{"line":81,"column":4},"end":{"line":84,"column":null}},{"start":{},"end":{}}],"line":81},"8":{"loc":{"start":{"line":90,"column":20},"end":{"line":90,"column":null}},"type":"binary-expr","locations":[{"start":{"line":90,"column":20},"end":{"line":90,"column":36}},{"start":{"line":90,"column":36},"end":{"line":90,"column":null}}],"line":90},"9":{"loc":{"start":{"line":91,"column":11},"end":{"line":91,"column":null}},"type":"binary-expr","locations":[{"start":{"line":91,"column":11},"end":{"line":91,"column":18}},{"start":{"line":91,"column":18},"end":{"line":91,"column":null}}],"line":91},"10":{"loc":{"start":{"line":105,"column":4},"end":{"line":108,"column":null}},"type":"if","locations":[{"start":{"line":105,"column":4},"end":{"line":108,"column":null}},{"start":{},"end":{}}],"line":105},"11":{"loc":{"start":{"line":111,"column":4},"end":{"line":114,"column":null}},"type":"if","locations":[{"start":{"line":111,"column":4},"end":{"line":114,"column":null}},{"start":{},"end":{}}],"line":111},"12":{"loc":{"start":{"line":128,"column":4},"end":{"line":131,"column":null}},"type":"if","locations":[{"start":{"line":128,"column":4},"end":{"line":131,"column":null}},{"start":{},"end":{}}],"line":128},"13":{"loc":{"start":{"line":134,"column":4},"end":{"line":137,"column":null}},"type":"if","locations":[{"start":{"line":134,"column":4},"end":{"line":137,"column":null}},{"start":{},"end":{}}],"line":134}},"s":{"0":31,"1":6,"2":6,"3":6,"4":6,"5":1,"6":1,"7":5,"8":4,"9":2,"10":2,"11":2,"12":1,"13":1,"14":31,"15":3,"16":3,"17":2,"18":1,"19":1,"20":31,"21":5,"22":5,"23":5,"24":5,"25":1,"26":1,"27":4,"28":3,"29":1,"30":1,"31":2,"32":2,"33":2,"34":1,"35":1,"36":31,"37":7,"38":7,"39":7,"40":2,"41":2,"42":5,"43":5,"44":1,"45":1,"46":4,"47":4,"48":1,"49":1,"50":3,"51":2,"52":1,"53":1,"54":31,"55":5,"56":5,"57":5,"58":5,"59":1,"60":1,"61":4,"62":3,"63":1,"64":1,"65":2,"66":2,"67":1,"68":1,"69":31,"70":5,"71":5,"72":5,"73":5,"74":1,"75":1,"76":4,"77":3,"78":1,"79":1,"80":2,"81":2,"82":1,"83":1},"f":{"0":6,"1":3,"2":5,"3":7,"4":5,"5":5},"b":{"0":[1,5],"1":[2,2],"2":[1,4],"3":[1,2],"4":[2,5],"5":[7,7,5,5],"6":[1,4],"7":[1,3],"8":[3,3],"9":[7,3],"10":[1,4],"11":[1,2],"12":[1,4],"13":[1,2]},"meta":{"lastBranch":14,"lastFunction":6,"lastStatement":84,"seen":{"s:4:23:24:Infinity":0,"f:4:23:4:30":0,"s:5:2:23:Infinity":1,"s:6:19:6:Infinity":2,"s:7:19:7:Infinity":3,"b:8:4:11:Infinity:undefined:undefined:undefined:undefined":0,"s:8:4:11:Infinity":4,"s:9:6:9:Infinity":5,"s:10:6:10:Infinity":6,"s:12:17:12:Infinity":7,"b:14:4:17:Infinity:undefined:undefined:undefined:undefined":1,"s:14:4:17:Infinity":8,"s:15:6:15:Infinity":9,"s:16:6:16:Infinity":10,"s:19:4:19:Infinity":11,"s:21:4:21:Infinity":12,"s:22:4:22:Infinity":13,"s:26:27:34:Infinity":14,"f:26:27:26:34":1,"s:27:2:33:Infinity":15,"s:28:18:28:Infinity":16,"s:29:4:29:Infinity":17,"s:31:4:31:Infinity":18,"s:32:4:32:Infinity":19,"s:36:30:63:Infinity":20,"f:36:30:36:37":2,"s:37:2:62:Infinity":21,"s:38:19:38:Infinity":22,"s:39:19:39:Infinity":23,"b:40:4:43:Infinity:undefined:undefined:undefined:undefined":2,"s:40:4:43:Infinity":24,"s:41:6:41:Infinity":25,"s:42:6:42:Infinity":26,"s:45:17:45:Infinity":27,"b:46:4:49:Infinity:undefined:undefined:undefined:undefined":3,"s:46:4:49:Infinity":28,"s:47:6:47:Infinity":29,"s:48:6:48:Infinity":30,"s:51:23:51:Infinity":31,"s:52:22:52:Infinity":32,"s:54:4:58:Infinity":33,"s:60:4:60:Infinity":34,"s:61:4:61:Infinity":35,"s:65:26:99:Infinity":36,"f:65:26:65:33":3,"s:66:2:98:Infinity":37,"s:67:61:67:Infinity":38,"b:69:4:72:Infinity:undefined:undefined:undefined:undefined":4,"s:69:4:72:Infinity":39,"b:69:8:69:17:69:17:69:27:69:27:69:37:69:37:69:45":5,"s:70:6:70:Infinity":40,"s:71:6:71:Infinity":41,"s:74:23:74:Infinity":42,"b:75:4:78:Infinity:undefined:undefined:undefined:undefined":6,"s:75:4:78:Infinity":43,"s:76:6:76:Infinity":44,"s:77:6:77:Infinity":45,"s:80:23:80:Infinity":46,"b:81:4:84:Infinity:undefined:undefined:undefined:undefined":7,"s:81:4:84:Infinity":47,"s:82:6:82:Infinity":48,"s:83:6:83:Infinity":49,"s:85:19:92:Infinity":50,"b:90:20:90:36:90:36:90:Infinity":8,"b:91:11:91:18:91:18:91:Infinity":9,"s:94:4:94:Infinity":51,"s:96:4:96:Infinity":52,"s:97:4:97:Infinity":53,"s:101:26:122:Infinity":54,"f:101:26:101:33":4,"s:102:2:121:Infinity":55,"s:103:19:103:Infinity":56,"s:104:19:104:Infinity":57,"b:105:4:108:Infinity:undefined:undefined:undefined:undefined":10,"s:105:4:108:Infinity":58,"s:106:6:106:Infinity":59,"s:107:6:107:Infinity":60,"s:110:17:110:Infinity":61,"b:111:4:114:Infinity:undefined:undefined:undefined:undefined":11,"s:111:4:114:Infinity":62,"s:112:6:112:Infinity":63,"s:113:6:113:Infinity":64,"s:116:4:116:Infinity":65,"s:117:4:117:Infinity":66,"s:119:4:119:Infinity":67,"s:120:4:120:Infinity":68,"s:124:26:145:Infinity":69,"f:124:26:124:33":5,"s:125:2:144:Infinity":70,"s:126:19:126:Infinity":71,"s:127:19:127:Infinity":72,"b:128:4:131:Infinity:undefined:undefined:undefined:undefined":12,"s:128:4:131:Infinity":73,"s:129:6:129:Infinity":74,"s:130:6:130:Infinity":75,"s:133:17:133:Infinity":76,"b:134:4:137:Infinity:undefined:undefined:undefined:undefined":13,"s:134:4:137:Infinity":77,"s:135:6:135:Infinity":78,"s:136:6:136:Infinity":79,"s:139:4:139:Infinity":80,"s:140:4:140:Infinity":81,"s:142:4:142:Infinity":82,"s:143:4:143:Infinity":83}}}
,"/home/runner/work/personal_website/personal_website/backend/src/models/index.ts": {"path":"/home/runner/work/personal_website/personal_website/backend/src/models/index.ts","statementMap":{"0":{"start":{"line":7,"column":23},"end":{"line":7,"column":null}},"1":{"start":{"line":8,"column":4},"end":{"line":17,"column":null}},"2":{"start":{"line":9,"column":21},"end":{"line":12,"column":null}},"3":{"start":{"line":13,"column":21},"end":{"line":13,"column":null}},"4":{"start":{"line":14,"column":6},"end":{"line":14,"column":null}},"5":{"start":{"line":16,"column":6},"end":{"line":16,"column":null}},"6":{"start":{"line":21,"column":23},"end":{"line":21,"column":null}},"7":{"start":{"line":22,"column":4},"end":{"line":27,"column":null}},"8":{"start":{"line":23,"column":21},"end":{"line":23,"column":null}},"9":{"start":{"line":24,"column":6},"end":{"line":24,"column":null}},"10":{"start":{"line":26,"column":6},"end":{"line":26,"column":null}},"11":{"start":{"line":31,"column":23},"end":{"line":31,"column":null}},"12":{"start":{"line":32,"column":4},"end":{"line":40,"column":null}},"13":{"start":{"line":33,"column":23},"end":{"line":36,"column":null}},"14":{"start":{"line":37,"column":6},"end":{"line":37,"column":null}},"15":{"start":{"line":39,"column":6},"end":{"line":39,"column":null}},"16":{"start":{"line":44,"column":23},"end":{"line":44,"column":null}},"17":{"start":{"line":45,"column":4},"end":{"line":65,"column":null}},"18":{"start":{"line":46,"column":44},"end":{"line":46,"column":null}},"19":{"start":{"line":47,"column":21},"end":{"line":48,"column":null}},"20":{"start":{"line":48,"column":23},"end":{"line":48,"column":62}},"21":{"start":{"line":50,"column":6},"end":{"line":52,"column":null}},"22":{"start":{"line":51,"column":8},"end":{"line":51,"column":null}},"23":{"start":{"line":54,"column":21},"end":{"line":54,"column":null}},"24":{"start":{"line":54,"column":39},"end":{"line":54,"column":64}},"25":{"start":{"line":55,"column":6},"end":{"line":55,"column":null}},"26":{"start":{"line":57,"column":24},"end":{"line":57,"column":null}},"27":{"start":{"line":57,"column":42},"end":{"line":57,"column":52}},"28":{"start":{"line":58,"column":6},"end":{"line":61,"column":null}},"29":{"start":{"line":62,"column":6},"end":{"line":62,"column":null}},"30":{"start":{"line":64,"column":6},"end":{"line":64,"column":null}},"31":{"start":{"line":69,"column":23},"end":{"line":69,"column":null}},"32":{"start":{"line":70,"column":4},"end":{"line":75,"column":null}},"33":{"start":{"line":71,"column":6},"end":{"line":71,"column":null}},"34":{"start":{"line":72,"column":6},"end":{"line":72,"column":null}},"35":{"start":{"line":74,"column":6},"end":{"line":74,"column":null}},"36":{"start":{"line":81,"column":23},"end":{"line":81,"column":null}},"37":{"start":{"line":82,"column":4},"end":{"line":90,"column":null}},"38":{"start":{"line":83,"column":21},"end":{"line":86,"column":null}},"39":{"start":{"line":87,"column":6},"end":{"line":87,"column":null}},"40":{"start":{"line":89,"column":6},"end":{"line":89,"column":null}},"41":{"start":{"line":94,"column":23},"end":{"line":94,"column":null}},"42":{"start":{"line":95,"column":4},"end":{"line":103,"column":null}},"43":{"start":{"line":96,"column":23},"end":{"line":99,"column":null}},"44":{"start":{"line":100,"column":6},"end":{"line":100,"column":null}},"45":{"start":{"line":102,"column":6},"end":{"line":102,"column":null}},"46":{"start":{"line":107,"column":23},"end":{"line":107,"column":null}},"47":{"start":{"line":108,"column":4},"end":{"line":113,"column":null}},"48":{"start":{"line":109,"column":6},"end":{"line":109,"column":null}},"49":{"start":{"line":110,"column":6},"end":{"line":110,"column":null}},"50":{"start":{"line":112,"column":6},"end":{"line":112,"column":null}},"51":{"start":{"line":119,"column":23},"end":{"line":119,"column":null}},"52":{"start":{"line":120,"column":4},"end":{"line":128,"column":null}},"53":{"start":{"line":121,"column":21},"end":{"line":124,"column":null}},"54":{"start":{"line":125,"column":6},"end":{"line":125,"column":null}},"55":{"start":{"line":127,"column":6},"end":{"line":127,"column":null}},"56":{"start":{"line":132,"column":23},"end":{"line":132,"column":null}},"57":{"start":{"line":133,"column":4},"end":{"line":141,"column":null}},"58":{"start":{"line":134,"column":23},"end":{"line":137,"column":null}},"59":{"start":{"line":138,"column":6},"end":{"line":138,"column":null}},"60":{"start":{"line":140,"column":6},"end":{"line":140,"column":null}},"61":{"start":{"line":145,"column":23},"end":{"line":145,"column":null}},"62":{"start":{"line":146,"column":4},"end":{"line":151,"column":null}},"63":{"start":{"line":147,"column":6},"end":{"line":147,"column":null}},"64":{"start":{"line":148,"column":6},"end":{"line":148,"column":null}},"65":{"start":{"line":150,"column":6},"end":{"line":150,"column":null}}},"fnMap":{"0":{"name":"(anonymous_0)","decl":{"start":{"line":6,"column":15},"end":{"line":6,"column":24}},"loc":{"start":{"line":6,"column":58},"end":{"line":18,"column":null}},"line":6},"1":{"name":"(anonymous_1)","decl":{"start":{"line":20,"column":15},"end":{"line":20,"column":42}},"loc":{"start":{"line":20,"column":42},"end":{"line":28,"column":null}},"line":20},"2":{"name":"(anonymous_2)","decl":{"start":{"line":30,"column":15},"end":{"line":30,"column":22}},"loc":{"start":{"line":30,"column":95},"end":{"line":41,"column":null}},"line":30},"3":{"name":"(anonymous_3)","decl":{"start":{"line":43,"column":15},"end":{"line":43,"column":22}},"loc":{"start":{"line":43,"column":77},"end":{"line":66,"column":null}},"line":43},"4":{"name":"(anonymous_4)","decl":{"start":{"line":48,"column":16},"end":{"line":48,"column":17}},"loc":{"start":{"line":48,"column":23},"end":{"line":48,"column":62}},"line":48},"5":{"name":"(anonymous_5)","decl":{"start":{"line":54,"column":32},"end":{"line":54,"column":33}},"loc":{"start":{"line":54,"column":39},"end":{"line":54,"column":64}},"line":54},"6":{"name":"(anonymous_6)","decl":{"start":{"line":57,"column":35},"end":{"line":57,"column":36}},"loc":{"start":{"line":57,"column":42},"end":{"line":57,"column":52}},"line":57},"7":{"name":"(anonymous_7)","decl":{"start":{"line":68,"column":15},"end":{"line":68,"column":22}},"loc":{"start":{"line":68,"column":52},"end":{"line":76,"column":null}},"line":68},"8":{"name":"(anonymous_8)","decl":{"start":{"line":80,"column":15},"end":{"line":80,"column":28}},"loc":{"start":{"line":80,"column":65},"end":{"line":91,"column":null}},"line":80},"9":{"name":"(anonymous_9)","decl":{"start":{"line":93,"column":15},"end":{"line":93,"column":22}},"loc":{"start":{"line":93,"column":98},"end":{"line":104,"column":null}},"line":93},"10":{"name":"(anonymous_10)","decl":{"start":{"line":106,"column":15},"end":{"line":106,"column":22}},"loc":{"start":{"line":106,"column":52},"end":{"line":114,"column":null}},"line":106},"11":{"name":"(anonymous_11)","decl":{"start":{"line":118,"column":15},"end":{"line":118,"column":28}},"loc":{"start":{"line":118,"column":66},"end":{"line":129,"column":null}},"line":118},"12":{"name":"(anonymous_12)","decl":{"start":{"line":131,"column":15},"end":{"line":131,"column":22}},"loc":{"start":{"line":131,"column":105},"end":{"line":142,"column":null}},"line":131},"13":{"name":"(anonymous_13)","decl":{"start":{"line":144,"column":15},"end":{"line":144,"column":22}},"loc":{"start":{"line":144,"column":52},"end":{"line":152,"column":null}},"line":144}},"branchMap":{"0":{"loc":{"start":{"line":14,"column":13},"end":{"line":14,"column":null}},"type":"binary-expr","locations":[{"start":{"line":14,"column":13},"end":{"line":14,"column":26}},{"start":{"line":14,"column":26},"end":{"line":14,"column":null}}],"line":14},"1":{"loc":{"start":{"line":50,"column":6},"end":{"line":52,"column":null}},"type":"if","locations":[{"start":{"line":50,"column":6},"end":{"line":52,"column":null}},{"start":{},"end":{}}],"line":50}},"s":{"0":3,"1":3,"2":3,"3":2,"4":2,"5":3,"6":1,"7":1,"8":1,"9":1,"10":1,"11":1,"12":1,"13":1,"14":1,"15":1,"16":2,"17":2,"18":2,"19":2,"20":1,"21":2,"22":1,"23":1,"24":1,"25":1,"26":1,"27":1,"28":1,"29":1,"30":2,"31":1,"32":1,"33":1,"34":1,"35":1,"36":2,"37":2,"38":2,"39":1,"40":2,"41":1,"42":1,"43":1,"44":1,"45":1,"46":1,"47":1,"48":1,"49":1,"50":1,"51":2,"52":2,"53":2,"54":1,"55":2,"56":1,"57":1,"58":1,"59":1,"60":1,"61":1,"62":1,"63":1,"64":1,"65":1},"f":{"0":1,"1":1,"2":1,"3":1,"4":1,"5":1,"6":1,"7":1,"8":1,"9":1,"10":1,"11":1,"12":1,"13":1},"b":{"0":[2,1],"1":[1,1]},"meta":{"lastBranch":2,"lastFunction":14,"lastStatement":66,"seen":{"f:6:15:6:24":0,"s:7:23:7:Infinity":0,"s:8:4:17:Infinity":1,"s:9:21:12:Infinity":2,"s:13:21:13:Infinity":3,"s:14:6:14:Infinity":4,"b:14:13:14:26:14:26:14:Infinity":0,"s:16:6:16:Infinity":5,"f:20:15:20:42":1,"s:21:23:21:Infinity":6,"s:22:4:27:Infinity":7,"s:23:21:23:Infinity":8,"s:24:6:24:Infinity":9,"s:26:6:26:Infinity":10,"f:30:15:30:22":2,"s:31:23:31:Infinity":11,"s:32:4:40:Infinity":12,"s:33:23:36:Infinity":13,"s:37:6:37:Infinity":14,"s:39:6:39:Infinity":15,"f:43:15:43:22":3,"s:44:23:44:Infinity":16,"s:45:4:65:Infinity":17,"s:46:44:46:Infinity":18,"s:47:21:48:Infinity":19,"f:48:16:48:17":4,"s:48:23:48:62":20,"b:50:6:52:Infinity:undefined:undefined:undefined:undefined":1,"s:50:6:52:Infinity":21,"s:51:8:51:Infinity":22,"s:54:21:54:Infinity":23,"f:54:32:54:33":5,"s:54:39:54:64":24,"s:55:6:55:Infinity":25,"s:57:24:57:Infinity":26,"f:57:35:57:36":6,"s:57:42:57:52":27,"s:58:6:61:Infinity":28,"s:62:6:62:Infinity":29,"s:64:6:64:Infinity":30,"f:68:15:68:22":7,"s:69:23:69:Infinity":31,"s:70:4:75:Infinity":32,"s:71:6:71:Infinity":33,"s:72:6:72:Infinity":34,"s:74:6:74:Infinity":35,"f:80:15:80:28":8,"s:81:23:81:Infinity":36,"s:82:4:90:Infinity":37,"s:83:21:86:Infinity":38,"s:87:6:87:Infinity":39,"s:89:6:89:Infinity":40,"f:93:15:93:22":9,"s:94:23:94:Infinity":41,"s:95:4:103:Infinity":42,"s:96:23:99:Infinity":43,"s:100:6:100:Infinity":44,"s:102:6:102:Infinity":45,"f:106:15:106:22":10,"s:107:23:107:Infinity":46,"s:108:4:113:Infinity":47,"s:109:6:109:Infinity":48,"s:110:6:110:Infinity":49,"s:112:6:112:Infinity":50,"f:118:15:118:28":11,"s:119:23:119:Infinity":51,"s:120:4:128:Infinity":52,"s:121:21:124:Infinity":53,"s:125:6:125:Infinity":54,"s:127:6:127:Infinity":55,"f:131:15:131:22":12,"s:132:23:132:Infinity":56,"s:133:4:141:Infinity":57,"s:134:23:137:Infinity":58,"s:138:6:138:Infinity":59,"s:140:6:140:Infinity":60,"f:144:15:144:22":13,"s:145:23:145:Infinity":61,"s:146:4:151:Infinity":62,"s:147:6:147:Infinity":63,"s:148:6:148:Infinity":64,"s:150:6:150:Infinity":65}}}
,"/home/runner/work/personal_website/personal_website/backend/src/routes/educationRoutes.ts": {"path":"/home/runner/work/personal_website/personal_website/backend/src/routes/educationRoutes.ts","statementMap":{"0":{"start":{"line":4,"column":15},"end":{"line":4,"column":null}},"1":{"start":{"line":6,"column":0},"end":{"line":6,"column":null}},"2":{"start":{"line":7,"column":0},"end":{"line":7,"column":null}},"3":{"start":{"line":8,"column":0},"end":{"line":8,"column":null}}},"fnMap":{},"branchMap":{},"s":{"0":6,"1":6,"2":6,"3":6},"f":{},"b":{},"meta":{"lastBranch":0,"lastFunction":0,"lastStatement":4,"seen":{"s:4:15:4:Infinity":0,"s:6:0:6:Infinity":1,"s:7:0:7:Infinity":2,"s:8:0:8:Infinity":3}}}
,"/home/runner/work/personal_website/personal_website/backend/src/routes/jobRoutes.ts": {"path":"/home/runner/work/personal_website/personal_website/backend/src/routes/jobRoutes.ts","statementMap":{"0":{"start":{"line":4,"column":15},"end":{"line":4,"column":null}},"1":{"start":{"line":6,"column":0},"end":{"line":6,"column":null}},"2":{"start":{"line":7,"column":0},"end":{"line":7,"column":null}},"3":{"start":{"line":8,"column":0},"end":{"line":8,"column":null}}},"fnMap":{},"branchMap":{},"s":{"0":6,"1":6,"2":6,"3":6},"f":{},"b":{},"meta":{"lastBranch":0,"lastFunction":0,"lastStatement":4,"seen":{"s:4:15:4:Infinity":0,"s:6:0:6:Infinity":1,"s:7:0:7:Infinity":2,"s:8:0:8:Infinity":3}}}
,"/home/runner/work/personal_website/personal_website/backend/src/routes/userRoutes.ts": {"path":"/home/runner/work/personal_website/personal_website/backend/src/routes/userRoutes.ts","statementMap":{"0":{"start":{"line":4,"column":15},"end":{"line":4,"column":null}},"1":{"start":{"line":6,"column":0},"end":{"line":6,"column":null}},"2":{"start":{"line":7,"column":0},"end":{"line":7,"column":null}},"3":{"start":{"line":8,"column":0},"end":{"line":8,"column":null}},"4":{"start":{"line":9,"column":0},"end":{"line":9,"column":null}},"5":{"start":{"line":10,"column":0},"end":{"line":10,"column":null}},"6":{"start":{"line":11,"column":0},"end":{"line":11,"column":null}}},"fnMap":{},"branchMap":{},"s":{"0":8,"1":8,"2":8,"3":8,"4":8,"5":8,"6":8},"f":{},"b":{},"meta":{"lastBranch":0,"lastFunction":0,"lastStatement":7,"seen":{"s:4:15:4:Infinity":0,"s:6:0:6:Infinity":1,"s:7:0:7:Infinity":2,"s:8:0:8:Infinity":3,"s:9:0:9:Infinity":4,"s:10:0:10:Infinity":5,"s:11:0:11:Infinity":6}}}
}
